28-Nov-2023 20:51:58.904 INFO [main] org.apache.catalina.startup.VersionLoggerListener.log Nombre de la versión del servidor: Apache Tomcat/8.5.95
28-Nov-2023 20:51:58.906 INFO [main] org.apache.catalina.startup.VersionLoggerListener.log Server built:                      Oct 12 2023 00:55:53 UTC
28-Nov-2023 20:51:58.907 INFO [main] org.apache.catalina.startup.VersionLoggerListener.log Número de versión de servidor:     8.5.95.0
28-Nov-2023 20:51:58.907 INFO [main] org.apache.catalina.startup.VersionLoggerListener.log OS Name:                           Windows 11
28-Nov-2023 20:51:58.907 INFO [main] org.apache.catalina.startup.VersionLoggerListener.log Versión de Systema Operativo:      10.0
28-Nov-2023 20:51:58.907 INFO [main] org.apache.catalina.startup.VersionLoggerListener.log Arquitectura:                      amd64
28-Nov-2023 20:51:58.907 INFO [main] org.apache.catalina.startup.VersionLoggerListener.log Java Home:                         C:\Users\Leypink\.jdks\openjdk-21.0.1
28-Nov-2023 20:51:58.907 INFO [main] org.apache.catalina.startup.VersionLoggerListener.log JVM Version:                       21.0.1+12-29
28-Nov-2023 20:51:58.907 INFO [main] org.apache.catalina.startup.VersionLoggerListener.log Vededor JVM:                       Oracle Corporation
28-Nov-2023 20:51:58.907 INFO [main] org.apache.catalina.startup.VersionLoggerListener.log CATALINA_BASE:                     C:\git_repositories\booking\BookingBack\BookingBack
28-Nov-2023 20:51:58.907 INFO [main] org.apache.catalina.startup.VersionLoggerListener.log CATALINA_HOME:                     C:\Users\Leypink\Downloads\apache-tomcat-8.5.95
28-Nov-2023 20:51:58.908 INFO [main] org.apache.catalina.startup.VersionLoggerListener.log Command line argument:             --add-opens=java.base/java.lang=ALL-UNNAMED
28-Nov-2023 20:51:58.908 INFO [main] org.apache.catalina.startup.VersionLoggerListener.log Command line argument:             --add-opens=java.base/java.io=ALL-UNNAMED
28-Nov-2023 20:51:58.908 INFO [main] org.apache.catalina.startup.VersionLoggerListener.log Command line argument:             --add-opens=java.base/java.util=ALL-UNNAMED
28-Nov-2023 20:51:58.908 INFO [main] org.apache.catalina.startup.VersionLoggerListener.log Command line argument:             --add-opens=java.base/java.util.concurrent=ALL-UNNAMED
28-Nov-2023 20:51:58.908 INFO [main] org.apache.catalina.startup.VersionLoggerListener.log Command line argument:             --add-opens=java.rmi/sun.rmi.transport=ALL-UNNAMED
28-Nov-2023 20:51:58.908 INFO [main] org.apache.catalina.startup.VersionLoggerListener.log Command line argument:             -Dcatalina.home=C:\Users\Leypink\Downloads\apache-tomcat-8.5.95
28-Nov-2023 20:51:58.908 INFO [main] org.apache.catalina.startup.VersionLoggerListener.log Command line argument:             -Dcatalina.base=C:\git_repositories\booking\BookingBack\BookingBack
28-Nov-2023 20:51:58.908 INFO [main] org.apache.catalina.startup.VersionLoggerListener.log Command line argument:             -Djava.io.tmpdir=C:\git_repositories\booking\BookingBack\BookingBack\temp
28-Nov-2023 20:51:58.908 INFO [main] org.apache.catalina.startup.VersionLoggerListener.log Command line argument:             -Djava.util.logging.config.file=C:\git_repositories\booking\BookingBack\BookingBack\conf\logging.properties
28-Nov-2023 20:51:58.908 INFO [main] org.apache.catalina.startup.VersionLoggerListener.log Command line argument:             -Djava.util.logging.manager=org.apache.juli.ClassLoaderLogManager
28-Nov-2023 20:51:58.909 INFO [main] org.apache.catalina.startup.VersionLoggerListener.log Command line argument:             -javaagent:C:\Program Files\JetBrains\IntelliJ IDEA Community Edition 2023.2.2\lib\idea_rt.jar=53190:C:\Program Files\JetBrains\IntelliJ IDEA Community Edition 2023.2.2\bin
28-Nov-2023 20:51:58.909 INFO [main] org.apache.catalina.startup.VersionLoggerListener.log Command line argument:             -Dfile.encoding=UTF-8
28-Nov-2023 20:51:58.909 INFO [main] org.apache.catalina.startup.VersionLoggerListener.log Command line argument:             -Dsun.stdout.encoding=UTF-8
28-Nov-2023 20:51:58.909 INFO [main] org.apache.catalina.startup.VersionLoggerListener.log Command line argument:             -Dsun.stderr.encoding=UTF-8
28-Nov-2023 20:51:58.909 INFO [main] org.apache.catalina.core.AprLifecycleListener.lifecycleEvent La biblioteca nativa de Apache Tomcat basada en ARP que permite un rendimiento óptimo en entornos de desarrollo no ha sido hallada en java.library.path: [C:\Users\Leypink\.jdks\openjdk-21.0.1\bin;C:\WINDOWS\Sun\Java\bin;C:\WINDOWS\system32;C:\WINDOWS;C:\Program Files\Java\jdk-20\bin;C:\Program Files\Maven\apache-maven-3.9.1\apache-maven\src\bin\mvn.cmd;C:\Program Files (x86)\Common Files\Oracle\Java\javapath;C:\app\oracle\product\11.2.0\server\bin;C:\Windows\system32;C:\Windows;C:\Windows\System32\Wbem;C:\Windows\System32\WindowsPowerShell\v1.0\;C:\Windows\System32\OpenSSH\;C:\Program Files\AutoFirma\AutoFirma;C:\Program Files\NVIDIA Corporation\NVIDIA NvDLISR;C:\Program Files (x86)\NVIDIA Corporation\PhysX\Common;C:\Program Files\Git\cmd;;C:\WINDOWS\system32;C:\WINDOWS;C:\WINDOWS\System32\Wbem;C:\WINDOWS\System32\WindowsPowerShell\v1.0\;C:\WINDOWS\System32\OpenSSH\;C:\Program Files\Java\jdk-20\bin;C:\Program Files\Maven\apache-maven-3.9.1\apache-maven\src\bin\mvn.cmd;C:\Users\Leypink\AppData\Local\Microsoft\WindowsApps;C:\Users\Leypink\AppData\Local\Programs\Microsoft VS Code\bin;C:\Users\Leypink\AppData\Local\GitHubDesktop\bin;;.]
28-Nov-2023 20:51:58.941 INFO [main] org.apache.coyote.AbstractProtocol.init Inicializando el manejador de protocolo ["http-nio-8080"]

28-Nov-2023 20:51:58.956 INFO [main] org.apache.catalina.startup.Catalina.load Initialization processed in 473 ms
28-Nov-2023 20:51:58.989 INFO [main] org.apache.catalina.core.StandardService.startInternal Arrancando servicio [Catalina]
28-Nov-2023 20:51:58.989 INFO [main] org.apache.catalina.core.StandardEngine.startInternal Starting Servlet engine: [Apache Tomcat/8.5.95]
28-Nov-2023 20:51:58.997 INFO [localhost-startStop-1] org.apache.catalina.startup.HostConfig.deployDescriptor Desplieque del descriptor de configuración [C:\git_repositories\booking\BookingBack\BookingBack\conf\Catalina\localhost\BookingBack.xml]
28-Nov-2023 20:51:59.442 INFO [localhost-startStop-1] org.apache.jasper.servlet.TldScanner.scanJars Al menos un JAR, que se ha explorado buscando TLDs, aún no contenía TLDs. Activar historial de depuración para este historiador para una completa lista de los JARs que fueron explorados y de los que nos se halló TLDs. Saltarse JARs no necesarios durante la exploración puede dar lugar a una mejora de tiempo significativa en el arranque y compilación de JSP .
28-Nov-2023 20:51:59.478 INFO [localhost-startStop-1] org.apache.catalina.startup.HostConfig.deployDescriptor Deployment of deployment descriptor [C:\git_repositories\booking\BookingBack\BookingBack\conf\Catalina\localhost\BookingBack.xml] has finished in [479] ms
28-Nov-2023 20:51:59.479 INFO [main] org.apache.coyote.AbstractProtocol.start Starting ProtocolHandler ["http-nio-8080"]
28-Nov-2023 20:51:59.496 INFO [main] org.apache.catalina.startup.Catalina.start Server startup in 539 ms
28-Nov-2023 23:48:46.047 INFO [Thread-1] org.apache.coyote.AbstractProtocol.pause Pausing ProtocolHandler ["http-nio-8080"]
28-Nov-2023 23:48:46.052 INFO [Thread-1] org.apache.catalina.core.StandardService.stopInternal Parando servicio [Catalina]
28-Nov-2023 23:48:46.084 WARNING [localhost-startStop-2] org.apache.catalina.loader.WebappClassLoaderBase.clearReferencesJdbc La aplicación web [BookingBack] registró el conductor JDBC [org.postgresql.Driver] pero falló al anular el registro mientras la aplicación web estaba parada. Para prevenir un fallo de memoria, se ha anulado el registro del conductor JDBC por la fuerza.
28-Nov-2023 23:48:46.099 INFO [Thread-1] org.apache.coyote.AbstractProtocol.stop Stopping ProtocolHandler ["http-nio-8080"]
28-Nov-2023 23:48:46.120 INFO [Thread-1] org.apache.coyote.AbstractProtocol.destroy Destroying ProtocolHandler ["http-nio-8080"]
28-Nov-2023 23:49:05.210 INFO [main] org.apache.catalina.startup.VersionLoggerListener.log Nombre de la versión del servidor: Apache Tomcat/8.5.95
28-Nov-2023 23:49:05.211 INFO [main] org.apache.catalina.startup.VersionLoggerListener.log Server built:                      Oct 12 2023 00:55:53 UTC
28-Nov-2023 23:49:05.211 INFO [main] org.apache.catalina.startup.VersionLoggerListener.log Número de versión de servidor:     8.5.95.0
28-Nov-2023 23:49:05.212 INFO [main] org.apache.catalina.startup.VersionLoggerListener.log OS Name:                           Windows 11
28-Nov-2023 23:49:05.212 INFO [main] org.apache.catalina.startup.VersionLoggerListener.log Versión de Systema Operativo:      10.0
28-Nov-2023 23:49:05.212 INFO [main] org.apache.catalina.startup.VersionLoggerListener.log Arquitectura:                      amd64
28-Nov-2023 23:49:05.212 INFO [main] org.apache.catalina.startup.VersionLoggerListener.log Java Home:                         C:\Users\Leypink\.jdks\openjdk-21.0.1
28-Nov-2023 23:49:05.212 INFO [main] org.apache.catalina.startup.VersionLoggerListener.log JVM Version:                       21.0.1+12-29
28-Nov-2023 23:49:05.212 INFO [main] org.apache.catalina.startup.VersionLoggerListener.log Vededor JVM:                       Oracle Corporation
28-Nov-2023 23:49:05.212 INFO [main] org.apache.catalina.startup.VersionLoggerListener.log CATALINA_BASE:                     C:\git_repositories\booking\BookingBack\BookingBack
28-Nov-2023 23:49:05.212 INFO [main] org.apache.catalina.startup.VersionLoggerListener.log CATALINA_HOME:                     C:\Users\Leypink\Downloads\apache-tomcat-8.5.95
28-Nov-2023 23:49:05.213 INFO [main] org.apache.catalina.startup.VersionLoggerListener.log Command line argument:             --add-opens=java.base/java.lang=ALL-UNNAMED
28-Nov-2023 23:49:05.213 INFO [main] org.apache.catalina.startup.VersionLoggerListener.log Command line argument:             --add-opens=java.base/java.io=ALL-UNNAMED
28-Nov-2023 23:49:05.213 INFO [main] org.apache.catalina.startup.VersionLoggerListener.log Command line argument:             --add-opens=java.base/java.util=ALL-UNNAMED
28-Nov-2023 23:49:05.213 INFO [main] org.apache.catalina.startup.VersionLoggerListener.log Command line argument:             --add-opens=java.base/java.util.concurrent=ALL-UNNAMED
28-Nov-2023 23:49:05.213 INFO [main] org.apache.catalina.startup.VersionLoggerListener.log Command line argument:             --add-opens=java.rmi/sun.rmi.transport=ALL-UNNAMED
28-Nov-2023 23:49:05.213 INFO [main] org.apache.catalina.startup.VersionLoggerListener.log Command line argument:             -Dcatalina.home=C:\Users\Leypink\Downloads\apache-tomcat-8.5.95
28-Nov-2023 23:49:05.213 INFO [main] org.apache.catalina.startup.VersionLoggerListener.log Command line argument:             -Dcatalina.base=C:\git_repositories\booking\BookingBack\BookingBack
28-Nov-2023 23:49:05.214 INFO [main] org.apache.catalina.startup.VersionLoggerListener.log Command line argument:             -Djava.io.tmpdir=C:\git_repositories\booking\BookingBack\BookingBack\temp
28-Nov-2023 23:49:05.214 INFO [main] org.apache.catalina.startup.VersionLoggerListener.log Command line argument:             -Djava.util.logging.config.file=C:\git_repositories\booking\BookingBack\BookingBack\conf\logging.properties
28-Nov-2023 23:49:05.214 INFO [main] org.apache.catalina.startup.VersionLoggerListener.log Command line argument:             -Djava.util.logging.manager=org.apache.juli.ClassLoaderLogManager
28-Nov-2023 23:49:05.214 INFO [main] org.apache.catalina.startup.VersionLoggerListener.log Command line argument:             -javaagent:C:\Program Files\JetBrains\IntelliJ IDEA Community Edition 2023.2.2\lib\idea_rt.jar=56785:C:\Program Files\JetBrains\IntelliJ IDEA Community Edition 2023.2.2\bin
28-Nov-2023 23:49:05.214 INFO [main] org.apache.catalina.startup.VersionLoggerListener.log Command line argument:             -Dfile.encoding=UTF-8
28-Nov-2023 23:49:05.214 INFO [main] org.apache.catalina.startup.VersionLoggerListener.log Command line argument:             -Dsun.stdout.encoding=UTF-8
28-Nov-2023 23:49:05.215 INFO [main] org.apache.catalina.startup.VersionLoggerListener.log Command line argument:             -Dsun.stderr.encoding=UTF-8
28-Nov-2023 23:49:05.215 INFO [main] org.apache.catalina.core.AprLifecycleListener.lifecycleEvent La biblioteca nativa de Apache Tomcat basada en ARP que permite un rendimiento óptimo en entornos de desarrollo no ha sido hallada en java.library.path: [C:\Users\Leypink\.jdks\openjdk-21.0.1\bin;C:\WINDOWS\Sun\Java\bin;C:\WINDOWS\system32;C:\WINDOWS;C:\Program Files\Java\jdk-20\bin;C:\Program Files\Maven\apache-maven-3.9.1\apache-maven\src\bin\mvn.cmd;C:\Program Files (x86)\Common Files\Oracle\Java\javapath;C:\app\oracle\product\11.2.0\server\bin;C:\Windows\system32;C:\Windows;C:\Windows\System32\Wbem;C:\Windows\System32\WindowsPowerShell\v1.0\;C:\Windows\System32\OpenSSH\;C:\Program Files\AutoFirma\AutoFirma;C:\Program Files\NVIDIA Corporation\NVIDIA NvDLISR;C:\Program Files (x86)\NVIDIA Corporation\PhysX\Common;C:\Program Files\Git\cmd;;C:\WINDOWS\system32;C:\WINDOWS;C:\WINDOWS\System32\Wbem;C:\WINDOWS\System32\WindowsPowerShell\v1.0\;C:\WINDOWS\System32\OpenSSH\;C:\Program Files\Java\jdk-20\bin;C:\Program Files\Maven\apache-maven-3.9.1\apache-maven\src\bin\mvn.cmd;C:\Users\Leypink\AppData\Local\Microsoft\WindowsApps;C:\Users\Leypink\AppData\Local\Programs\Microsoft VS Code\bin;C:\Users\Leypink\AppData\Local\GitHubDesktop\bin;;.]
28-Nov-2023 23:49:05.251 INFO [main] org.apache.coyote.AbstractProtocol.init Inicializando el manejador de protocolo ["http-nio-8080"]

28-Nov-2023 23:49:05.270 INFO [main] org.apache.catalina.startup.Catalina.load Initialization processed in 456 ms
28-Nov-2023 23:49:05.303 INFO [main] org.apache.catalina.core.StandardService.startInternal Arrancando servicio [Catalina]
28-Nov-2023 23:49:05.303 INFO [main] org.apache.catalina.core.StandardEngine.startInternal Starting Servlet engine: [Apache Tomcat/8.5.95]
28-Nov-2023 23:49:05.309 INFO [localhost-startStop-1] org.apache.catalina.startup.HostConfig.deployDescriptor Desplieque del descriptor de configuración [C:\git_repositories\booking\BookingBack\BookingBack\conf\Catalina\localhost\BookingBack.xml]
28-Nov-2023 23:49:05.705 INFO [localhost-startStop-1] org.apache.jasper.servlet.TldScanner.scanJars Al menos un JAR, que se ha explorado buscando TLDs, aún no contenía TLDs. Activar historial de depuración para este historiador para una completa lista de los JARs que fueron explorados y de los que nos se halló TLDs. Saltarse JARs no necesarios durante la exploración puede dar lugar a una mejora de tiempo significativa en el arranque y compilación de JSP .
28-Nov-2023 23:49:05.741 INFO [localhost-startStop-1] org.apache.catalina.startup.HostConfig.deployDescriptor Deployment of deployment descriptor [C:\git_repositories\booking\BookingBack\BookingBack\conf\Catalina\localhost\BookingBack.xml] has finished in [429] ms
28-Nov-2023 23:49:05.742 INFO [main] org.apache.coyote.AbstractProtocol.start Starting ProtocolHandler ["http-nio-8080"]
28-Nov-2023 23:49:05.761 INFO [main] org.apache.catalina.startup.Catalina.start Server startup in 490 ms
